Performing Test HAVE_FSETXATTR_6 failed with the following output:
Change Dir: '/home/sandra/Gaze/train/cmake-3.29.2/CMakeFiles/CMakeTmp'

Run Build Command(s): /home/sandra/Gaze/train/cmake-3.29.2/Bootstrap.cmk/cmake -E env VERBOSE=1 /usr/bin/gmake -f Makefile cmTC_3c8c9/fast
gmake  -f CMakeFiles/cmTC_3c8c9.dir/build.make CMakeFiles/cmTC_3c8c9.dir/build
gmake[1]: Entering directory '/home/sandra/Gaze/train/cmake-3.29.2/CMakeFiles/CMakeTmp'
Building C object CMakeFiles/cmTC_3c8c9.dir/CurlTests.c.o
/usr/bin/gcc   -w -DHAVE_FSETXATTR_6  -DHAVE_SYS_WAIT_H -DHAVE_SYS_IOCTL_H -DHAVE_SYS_PARAM_H -DHAVE_SYS_POLL_H -DHAVE_SYS_RESOURCE_H -DHAVE_SYS_SELECT_H -DHAVE_SYS_SOCKET_H -DHAVE_SYS_STAT_H -DHAVE_SYS_TIME_H -DHAVE_SYS_TYPES_H -DHAVE_SYS_UN_H -DHAVE_SYS_XATTR_H -DHAVE_ARPA_INET_H -DHAVE_FCNTL_H -DHAVE_IFADDRS_H -DHAVE_LIBGEN_H -DHAVE_LOCALE_H -DHAVE_NET_IF_H -DHAVE_NETDB_H -DHAVE_NETINET_IN_H -DHAVE_NETINET_TCP_H -DHAVE_NETINET_UDP_H -DHAVE_POLL_H -DHAVE_PWD_H -DHAVE_STDBOOL_H -DHAVE_STRINGS_H -DHAVE_TERMIO_H -DHAVE_TERMIOS_H -DHAVE_UNISTD_H -DHAVE_UTIME_H -std=gnu11 -o CMakeFiles/cmTC_3c8c9.dir/CurlTests.c.o -c /home/sandra/Gaze/train/cmake-3.29.2/Utilities/cmcurl/CMake/CurlTests.c
/home/sandra/Gaze/train/cmake-3.29.2/Utilities/cmcurl/CMake/CurlTests.c: In function ‘main’:
/home/sandra/Gaze/train/cmake-3.29.2/Utilities/cmcurl/CMake/CurlTests.c:356:3: error: too many arguments to function ‘fsetxattr’
  356 |   fsetxattr(0, 0, 0, 0, 0, 0);
      |   ^~~~~~~~~
In file included from /home/sandra/Gaze/train/cmake-3.29.2/Utilities/cmcurl/CMake/CurlTests.c:353:
/usr/include/x86_64-linux-gnu/sys/xattr.h:54:12: note: declared here
   54 | extern int fsetxattr (int __fd, const char *__name, const void *__value,
      |            ^~~~~~~~~
gmake[1]: *** [CMakeFiles/cmTC_3c8c9.dir/build.make:78: CMakeFiles/cmTC_3c8c9.dir/CurlTests.c.o] Error 1
gmake[1]: Leaving directory '/home/sandra/Gaze/train/cmake-3.29.2/CMakeFiles/CMakeTmp'
gmake: *** [Makefile:127: cmTC_3c8c9/fast] Error 2


Performing Test HAVE_IOCTLSOCKET failed with the following output:
Change Dir: '/home/sandra/Gaze/train/cmake-3.29.2/CMakeFiles/CMakeTmp'

Run Build Command(s): /home/sandra/Gaze/train/cmake-3.29.2/Bootstrap.cmk/cmake -E env VERBOSE=1 /usr/bin/gmake -f Makefile cmTC_3a979/fast
gmake  -f CMakeFiles/cmTC_3a979.dir/build.make CMakeFiles/cmTC_3a979.dir/build
gmake[1]: Entering directory '/home/sandra/Gaze/train/cmake-3.29.2/CMakeFiles/CMakeTmp'
Building C object CMakeFiles/cmTC_3a979.dir/CurlTests.c.o
/usr/bin/gcc   -w -DHAVE_IOCTLSOCKET  -DHAVE_SYS_WAIT_H -DHAVE_SYS_IOCTL_H -DHAVE_SYS_PARAM_H -DHAVE_SYS_POLL_H -DHAVE_SYS_RESOURCE_H -DHAVE_SYS_SELECT_H -DHAVE_SYS_SOCKET_H -DHAVE_SYS_STAT_H -DHAVE_SYS_TIME_H -DHAVE_SYS_TYPES_H -DHAVE_SYS_UN_H -DHAVE_SYS_XATTR_H -DHAVE_ARPA_INET_H -DHAVE_FCNTL_H -DHAVE_IFADDRS_H -DHAVE_LIBGEN_H -DHAVE_LOCALE_H -DHAVE_NET_IF_H -DHAVE_NETDB_H -DHAVE_NETINET_IN_H -DHAVE_NETINET_TCP_H -DHAVE_NETINET_UDP_H -DHAVE_POLL_H -DHAVE_PWD_H -DHAVE_STDBOOL_H -DHAVE_STRINGS_H -DHAVE_TERMIO_H -DHAVE_TERMIOS_H -DHAVE_UNISTD_H -DHAVE_UTIME_H -std=gnu11 -o CMakeFiles/cmTC_3a979.dir/CurlTests.c.o -c /home/sandra/Gaze/train/cmake-3.29.2/Utilities/cmcurl/CMake/CurlTests.c
/home/sandra/Gaze/train/cmake-3.29.2/Utilities/cmcurl/CMake/CurlTests.c: In function ‘main’:
/home/sandra/Gaze/train/cmake-3.29.2/Utilities/cmcurl/CMake/CurlTests.c:177:45: error: ‘FIONBIO’ undeclared (first use in this function)
  177 |   unsigned long flags = ioctlsocket(socket, FIONBIO, &flags);
      |                                             ^~~~~~~
/home/sandra/Gaze/train/cmake-3.29.2/Utilities/cmcurl/CMake/CurlTests.c:177:45: note: each undeclared identifier is reported only once for each function it appears in
gmake[1]: *** [CMakeFiles/cmTC_3a979.dir/build.make:78: CMakeFiles/cmTC_3a979.dir/CurlTests.c.o] Error 1
gmake[1]: Leaving directory '/home/sandra/Gaze/train/cmake-3.29.2/CMakeFiles/CMakeTmp'
gmake: *** [Makefile:127: cmTC_3a979/fast] Error 2


Performing Test HAVE_IOCTLSOCKET_CAMEL failed with the following output:
Change Dir: '/home/sandra/Gaze/train/cmake-3.29.2/CMakeFiles/CMakeTmp'

Run Build Command(s): /home/sandra/Gaze/train/cmake-3.29.2/Bootstrap.cmk/cmake -E env VERBOSE=1 /usr/bin/gmake -f Makefile cmTC_686fa/fast
gmake  -f CMakeFiles/cmTC_686fa.dir/build.make CMakeFiles/cmTC_686fa.dir/build
gmake[1]: Entering directory '/home/sandra/Gaze/train/cmake-3.29.2/CMakeFiles/CMakeTmp'
Building C object CMakeFiles/cmTC_686fa.dir/CurlTests.c.o
/usr/bin/gcc   -w -DHAVE_IOCTLSOCKET_CAMEL  -DHAVE_SYS_WAIT_H -DHAVE_SYS_IOCTL_H -DHAVE_SYS_PARAM_H -DHAVE_SYS_POLL_H -DHAVE_SYS_RESOURCE_H -DHAVE_SYS_SELECT_H -DHAVE_SYS_SOCKET_H -DHAVE_SYS_STAT_H -DHAVE_SYS_TIME_H -DHAVE_SYS_TYPES_H -DHAVE_SYS_UN_H -DHAVE_SYS_XATTR_H -DHAVE_ARPA_INET_H -DHAVE_FCNTL_H -DHAVE_IFADDRS_H -DHAVE_LIBGEN_H -DHAVE_LOCALE_H -DHAVE_NET_IF_H -DHAVE_NETDB_H -DHAVE_NETINET_IN_H -DHAVE_NETINET_TCP_H -DHAVE_NETINET_UDP_H -DHAVE_POLL_H -DHAVE_PWD_H -DHAVE_STDBOOL_H -DHAVE_STRINGS_H -DHAVE_TERMIO_H -DHAVE_TERMIOS_H -DHAVE_UNISTD_H -DHAVE_UTIME_H -std=gnu11 -o CMakeFiles/cmTC_686fa.dir/CurlTests.c.o -c /home/sandra/Gaze/train/cmake-3.29.2/Utilities/cmcurl/CMake/CurlTests.c
Linking C executable cmTC_686fa
/home/sandra/Gaze/train/cmake-3.29.2/Bootstrap.cmk/cmake -E cmake_link_script CMakeFiles/cmTC_686fa.dir/link.txt --verbose=1
/usr/bin/gcc  -w -DHAVE_IOCTLSOCKET_CAMEL  -DHAVE_SYS_WAIT_H -DHAVE_SYS_IOCTL_H -DHAVE_SYS_PARAM_H -DHAVE_SYS_POLL_H -DHAVE_SYS_RESOURCE_H -DHAVE_SYS_SELECT_H -DHAVE_SYS_SOCKET_H -DHAVE_SYS_STAT_H -DHAVE_SYS_TIME_H -DHAVE_SYS_TYPES_H -DHAVE_SYS_UN_H -DHAVE_SYS_XATTR_H -DHAVE_ARPA_INET_H -DHAVE_FCNTL_H -DHAVE_IFADDRS_H -DHAVE_LIBGEN_H -DHAVE_LOCALE_H -DHAVE_NET_IF_H -DHAVE_NETDB_H -DHAVE_NETINET_IN_H -DHAVE_NETINET_TCP_H -DHAVE_NETINET_UDP_H -DHAVE_POLL_H -DHAVE_PWD_H -DHAVE_STDBOOL_H -DHAVE_STRINGS_H -DHAVE_TERMIO_H -DHAVE_TERMIOS_H -DHAVE_UNISTD_H -DHAVE_UTIME_H CMakeFiles/cmTC_686fa.dir/CurlTests.c.o -o cmTC_686fa
/usr/bin/ld: CMakeFiles/cmTC_686fa.dir/CurlTests.c.o: in function `main':
CurlTests.c:(.text+0x1d): undefined reference to `IoctlSocket'
collect2: error: ld returned 1 exit status
gmake[1]: *** [CMakeFiles/cmTC_686fa.dir/build.make:99: cmTC_686fa] Error 1
gmake[1]: Leaving directory '/home/sandra/Gaze/train/cmake-3.29.2/CMakeFiles/CMakeTmp'
gmake: *** [Makefile:127: cmTC_686fa/fast] Error 2


Performing Test HAVE_IOCTLSOCKET_CAMEL_FIONBIO failed with the following output:
Change Dir: '/home/sandra/Gaze/train/cmake-3.29.2/CMakeFiles/CMakeTmp'

Run Build Command(s): /home/sandra/Gaze/train/cmake-3.29.2/Bootstrap.cmk/cmake -E env VERBOSE=1 /usr/bin/gmake -f Makefile cmTC_59c27/fast
gmake  -f CMakeFiles/cmTC_59c27.dir/build.make CMakeFiles/cmTC_59c27.dir/build
gmake[1]: Entering directory '/home/sandra/Gaze/train/cmake-3.29.2/CMakeFiles/CMakeTmp'
Building C object CMakeFiles/cmTC_59c27.dir/CurlTests.c.o
/usr/bin/gcc   -w -DHAVE_IOCTLSOCKET_CAMEL_FIONBIO  -DHAVE_SYS_WAIT_H -DHAVE_SYS_IOCTL_H -DHAVE_SYS_PARAM_H -DHAVE_SYS_POLL_H -DHAVE_SYS_RESOURCE_H -DHAVE_SYS_SELECT_H -DHAVE_SYS_SOCKET_H -DHAVE_SYS_STAT_H -DHAVE_SYS_TIME_H -DHAVE_SYS_TYPES_H -DHAVE_SYS_UN_H -DHAVE_SYS_XATTR_H -DHAVE_ARPA_INET_H -DHAVE_FCNTL_H -DHAVE_IFADDRS_H -DHAVE_LIBGEN_H -DHAVE_LOCALE_H -DHAVE_NET_IF_H -DHAVE_NETDB_H -DHAVE_NETINET_IN_H -DHAVE_NETINET_TCP_H -DHAVE_NETINET_UDP_H -DHAVE_POLL_H -DHAVE_PWD_H -DHAVE_STDBOOL_H -DHAVE_STRINGS_H -DHAVE_TERMIO_H -DHAVE_TERMIOS_H -DHAVE_UNISTD_H -DHAVE_UTIME_H -std=gnu11 -o CMakeFiles/cmTC_59c27.dir/CurlTests.c.o -c /home/sandra/Gaze/train/cmake-3.29.2/Utilities/cmcurl/CMake/CurlTests.c
/home/sandra/Gaze/train/cmake-3.29.2/Utilities/cmcurl/CMake/CurlTests.c: In function ‘main’:
/home/sandra/Gaze/train/cmake-3.29.2/Utilities/cmcurl/CMake/CurlTests.c:214:26: error: ‘FIONBIO’ undeclared (first use in this function)
  214 |   if(0 != IoctlSocket(0, FIONBIO, &flags))
      |                          ^~~~~~~
/home/sandra/Gaze/train/cmake-3.29.2/Utilities/cmcurl/CMake/CurlTests.c:214:26: note: each undeclared identifier is reported only once for each function it appears in
gmake[1]: *** [CMakeFiles/cmTC_59c27.dir/build.make:78: CMakeFiles/cmTC_59c27.dir/CurlTests.c.o] Error 1
gmake[1]: Leaving directory '/home/sandra/Gaze/train/cmake-3.29.2/CMakeFiles/CMakeTmp'
gmake: *** [Makefile:127: cmTC_59c27/fast] Error 2


Performing Test HAVE_IOCTLSOCKET_FIONBIO failed with the following output:
Change Dir: '/home/sandra/Gaze/train/cmake-3.29.2/CMakeFiles/CMakeTmp'

Run Build Command(s): /home/sandra/Gaze/train/cmake-3.29.2/Bootstrap.cmk/cmake -E env VERBOSE=1 /usr/bin/gmake -f Makefile cmTC_9b224/fast
gmake  -f CMakeFiles/cmTC_9b224.dir/build.make CMakeFiles/cmTC_9b224.dir/build
gmake[1]: Entering directory '/home/sandra/Gaze/train/cmake-3.29.2/CMakeFiles/CMakeTmp'
Building C object CMakeFiles/cmTC_9b224.dir/CurlTests.c.o
/usr/bin/gcc   -w -DHAVE_IOCTLSOCKET_FIONBIO  -DHAVE_SYS_WAIT_H -DHAVE_SYS_IOCTL_H -DHAVE_SYS_PARAM_H -DHAVE_SYS_POLL_H -DHAVE_SYS_RESOURCE_H -DHAVE_SYS_SELECT_H -DHAVE_SYS_SOCKET_H -DHAVE_SYS_STAT_H -DHAVE_SYS_TIME_H -DHAVE_SYS_TYPES_H -DHAVE_SYS_UN_H -DHAVE_SYS_XATTR_H -DHAVE_ARPA_INET_H -DHAVE_FCNTL_H -DHAVE_IFADDRS_H -DHAVE_LIBGEN_H -DHAVE_LOCALE_H -DHAVE_NET_IF_H -DHAVE_NETDB_H -DHAVE_NETINET_IN_H -DHAVE_NETINET_TCP_H -DHAVE_NETINET_UDP_H -DHAVE_POLL_H -DHAVE_PWD_H -DHAVE_STDBOOL_H -DHAVE_STRINGS_H -DHAVE_TERMIO_H -DHAVE_TERMIOS_H -DHAVE_UNISTD_H -DHAVE_UTIME_H -std=gnu11 -o CMakeFiles/cmTC_9b224.dir/CurlTests.c.o -c /home/sandra/Gaze/train/cmake-3.29.2/Utilities/cmcurl/CMake/CurlTests.c
/home/sandra/Gaze/train/cmake-3.29.2/Utilities/cmcurl/CMake/CurlTests.c: In function ‘main’:
/home/sandra/Gaze/train/cmake-3.29.2/Utilities/cmcurl/CMake/CurlTests.c:232:26: error: ‘FIONBIO’ undeclared (first use in this function)
  232 |   if(0 != ioctlsocket(0, FIONBIO, &flags))
      |                          ^~~~~~~
/home/sandra/Gaze/train/cmake-3.29.2/Utilities/cmcurl/CMake/CurlTests.c:232:26: note: each undeclared identifier is reported only once for each function it appears in
gmake[1]: *** [CMakeFiles/cmTC_9b224.dir/build.make:78: CMakeFiles/cmTC_9b224.dir/CurlTests.c.o] Error 1
gmake[1]: Leaving directory '/home/sandra/Gaze/train/cmake-3.29.2/CMakeFiles/CMakeTmp'
gmake: *** [Makefile:127: cmTC_9b224/fast] Error 2


Performing Test HAVE_SETSOCKOPT_SO_NONBLOCK failed with the following output:
Change Dir: '/home/sandra/Gaze/train/cmake-3.29.2/CMakeFiles/CMakeTmp'

Run Build Command(s): /home/sandra/Gaze/train/cmake-3.29.2/Bootstrap.cmk/cmake -E env VERBOSE=1 /usr/bin/gmake -f Makefile cmTC_a6361/fast
gmake  -f CMakeFiles/cmTC_a6361.dir/build.make CMakeFiles/cmTC_a6361.dir/build
gmake[1]: Entering directory '/home/sandra/Gaze/train/cmake-3.29.2/CMakeFiles/CMakeTmp'
Building C object CMakeFiles/cmTC_a6361.dir/CurlTests.c.o
/usr/bin/gcc   -w -DHAVE_SETSOCKOPT_SO_NONBLOCK  -DHAVE_SYS_WAIT_H -DHAVE_SYS_IOCTL_H -DHAVE_SYS_PARAM_H -DHAVE_SYS_POLL_H -DHAVE_SYS_RESOURCE_H -DHAVE_SYS_SELECT_H -DHAVE_SYS_SOCKET_H -DHAVE_SYS_STAT_H -DHAVE_SYS_TIME_H -DHAVE_SYS_TYPES_H -DHAVE_SYS_UN_H -DHAVE_SYS_XATTR_H -DHAVE_ARPA_INET_H -DHAVE_FCNTL_H -DHAVE_IFADDRS_H -DHAVE_LIBGEN_H -DHAVE_LOCALE_H -DHAVE_NET_IF_H -DHAVE_NETDB_H -DHAVE_NETINET_IN_H -DHAVE_NETINET_TCP_H -DHAVE_NETINET_UDP_H -DHAVE_POLL_H -DHAVE_PWD_H -DHAVE_STDBOOL_H -DHAVE_STRINGS_H -DHAVE_TERMIO_H -DHAVE_TERMIOS_H -DHAVE_UNISTD_H -DHAVE_UTIME_H -std=gnu11 -o CMakeFiles/cmTC_a6361.dir/CurlTests.c.o -c /home/sandra/Gaze/train/cmake-3.29.2/Utilities/cmcurl/CMake/CurlTests.c
/home/sandra/Gaze/train/cmake-3.29.2/Utilities/cmcurl/CMake/CurlTests.c: In function ‘main’:
/home/sandra/Gaze/train/cmake-3.29.2/Utilities/cmcurl/CMake/CurlTests.c:314:37: error: ‘SO_NONBLOCK’ undeclared (first use in this function); did you mean ‘SOCK_NONBLOCK’?
  314 |   if(0 != setsockopt(0, SOL_SOCKET, SO_NONBLOCK, 0, 0))
      |                                     ^~~~~~~~~~~
      |                                     SOCK_NONBLOCK
/home/sandra/Gaze/train/cmake-3.29.2/Utilities/cmcurl/CMake/CurlTests.c:314:37: note: each undeclared identifier is reported only once for each function it appears in
gmake[1]: *** [CMakeFiles/cmTC_a6361.dir/build.make:78: CMakeFiles/cmTC_a6361.dir/CurlTests.c.o] Error 1
gmake[1]: Leaving directory '/home/sandra/Gaze/train/cmake-3.29.2/CMakeFiles/CMakeTmp'
gmake: *** [Makefile:127: cmTC_a6361/fast] Error 2


Performing Test HAVE_O_NONBLOCK failed with the following output:
Change Dir: '/home/sandra/Gaze/train/cmake-3.29.2/CMakeFiles/CMakeTmp'

Run Build Command(s): /home/sandra/Gaze/train/cmake-3.29.2/Bootstrap.cmk/cmake -E env VERBOSE=1 /usr/bin/gmake -f Makefile cmTC_951ab/fast
gmake  -f CMakeFiles/cmTC_951ab.dir/build.make CMakeFiles/cmTC_951ab.dir/build
gmake[1]: Entering directory '/home/sandra/Gaze/train/cmake-3.29.2/CMakeFiles/CMakeTmp'
Building C object CMakeFiles/cmTC_951ab.dir/CurlTests.c.o
/usr/bin/gcc   -w -DHAVE_O_NONBLOCK  -DHAVE_SYS_WAIT_H -DHAVE_SYS_IOCTL_H -DHAVE_SYS_PARAM_H -DHAVE_SYS_POLL_H -DHAVE_SYS_RESOURCE_H -DHAVE_SYS_SELECT_H -DHAVE_SYS_SOCKET_H -DHAVE_SYS_STAT_H -DHAVE_SYS_TIME_H -DHAVE_SYS_TYPES_H -DHAVE_SYS_UN_H -DHAVE_SYS_XATTR_H -DHAVE_ARPA_INET_H -DHAVE_FCNTL_H -DHAVE_IFADDRS_H -DHAVE_LIBGEN_H -DHAVE_LOCALE_H -DHAVE_NET_IF_H -DHAVE_NETDB_H -DHAVE_NETINET_IN_H -DHAVE_NETINET_TCP_H -DHAVE_NETINET_UDP_H -DHAVE_POLL_H -DHAVE_PWD_H -DHAVE_STDBOOL_H -DHAVE_STRINGS_H -DHAVE_TERMIO_H -DHAVE_TERMIOS_H -DHAVE_UNISTD_H -DHAVE_UTIME_H -std=gnu11 -o CMakeFiles/cmTC_951ab.dir/CurlTests.c.o -c /home/sandra/Gaze/train/cmake-3.29.2/Utilities/cmcurl/CMake/CurlTests.c
Linking C executable cmTC_951ab
/home/sandra/Gaze/train/cmake-3.29.2/Bootstrap.cmk/cmake -E cmake_link_script CMakeFiles/cmTC_951ab.dir/link.txt --verbose=1
/usr/bin/gcc  -w -DHAVE_O_NONBLOCK  -DHAVE_SYS_WAIT_H -DHAVE_SYS_IOCTL_H -DHAVE_SYS_PARAM_H -DHAVE_SYS_POLL_H -DHAVE_SYS_RESOURCE_H -DHAVE_SYS_SELECT_H -DHAVE_SYS_SOCKET_H -DHAVE_SYS_STAT_H -DHAVE_SYS_TIME_H -DHAVE_SYS_TYPES_H -DHAVE_SYS_UN_H -DHAVE_SYS_XATTR_H -DHAVE_ARPA_INET_H -DHAVE_FCNTL_H -DHAVE_IFADDRS_H -DHAVE_LIBGEN_H -DHAVE_LOCALE_H -DHAVE_NET_IF_H -DHAVE_NETDB_H -DHAVE_NETINET_IN_H -DHAVE_NETINET_TCP_H -DHAVE_NETINET_UDP_H -DHAVE_POLL_H -DHAVE_PWD_H -DHAVE_STDBOOL_H -DHAVE_STRINGS_H -DHAVE_TERMIO_H -DHAVE_TERMIOS_H -DHAVE_UNISTD_H -DHAVE_UTIME_H CMakeFiles/cmTC_951ab.dir/CurlTests.c.o -o cmTC_951ab
/usr/bin/ld: /usr/lib/gcc/x86_64-linux-gnu/11/../../../x86_64-linux-gnu/Scrt1.o: in function `_start':
(.text+0x1b): undefined reference to `main'
collect2: error: ld returned 1 exit status
gmake[1]: *** [CMakeFiles/cmTC_951ab.dir/build.make:99: cmTC_951ab] Error 1
gmake[1]: Leaving directory '/home/sandra/Gaze/train/cmake-3.29.2/CMakeFiles/CMakeTmp'
gmake: *** [Makefile:127: cmTC_951ab/fast] Error 2


Performing Test HAVE_GETHOSTBYNAME_R_3 failed with the following output:
Change Dir: '/home/sandra/Gaze/train/cmake-3.29.2/CMakeFiles/CMakeTmp'

Run Build Command(s): /home/sandra/Gaze/train/cmake-3.29.2/Bootstrap.cmk/cmake -E env VERBOSE=1 /usr/bin/gmake -f Makefile cmTC_79e3f/fast
gmake  -f CMakeFiles/cmTC_79e3f.dir/build.make CMakeFiles/cmTC_79e3f.dir/build
gmake[1]: Entering directory '/home/sandra/Gaze/train/cmake-3.29.2/CMakeFiles/CMakeTmp'
Building C object CMakeFiles/cmTC_79e3f.dir/CurlTests.c.o
/usr/bin/gcc   -w -DHAVE_GETHOSTBYNAME_R_3  -DHAVE_SYS_WAIT_H -DHAVE_SYS_IOCTL_H -DHAVE_SYS_PARAM_H -DHAVE_SYS_POLL_H -DHAVE_SYS_RESOURCE_H -DHAVE_SYS_SELECT_H -DHAVE_SYS_SOCKET_H -DHAVE_SYS_STAT_H -DHAVE_SYS_TIME_H -DHAVE_SYS_TYPES_H -DHAVE_SYS_UN_H -DHAVE_SYS_XATTR_H -DHAVE_ARPA_INET_H -DHAVE_FCNTL_H -DHAVE_IFADDRS_H -DHAVE_LIBGEN_H -DHAVE_LOCALE_H -DHAVE_NET_IF_H -DHAVE_NETDB_H -DHAVE_NETINET_IN_H -DHAVE_NETINET_TCP_H -DHAVE_NETINET_UDP_H -DHAVE_POLL_H -DHAVE_PWD_H -DHAVE_STDBOOL_H -DHAVE_STRINGS_H -DHAVE_TERMIO_H -DHAVE_TERMIOS_H -DHAVE_UNISTD_H -DHAVE_UTIME_H -std=gnu11 -o CMakeFiles/cmTC_79e3f.dir/CurlTests.c.o -c /home/sandra/Gaze/train/cmake-3.29.2/Utilities/cmcurl/CMake/CurlTests.c
/home/sandra/Gaze/train/cmake-3.29.2/Utilities/cmcurl/CMake/CurlTests.c: In function ‘main’:
/home/sandra/Gaze/train/cmake-3.29.2/Utilities/cmcurl/CMake/CurlTests.c:80:23: error: storage size of ‘hdata’ isn’t known
   80 |   struct hostent_data hdata;
      |                       ^~~~~
/home/sandra/Gaze/train/cmake-3.29.2/Utilities/cmcurl/CMake/CurlTests.c:92:8: error: too few arguments to function ‘gethostbyname_r’
   92 |   rc = gethostbyname_r(address, &h, &hdata);
      |        ^~~~~~~~~~~~~~~
In file included from /home/sandra/Gaze/train/cmake-3.29.2/Utilities/cmcurl/CMake/CurlTests.c:70:
/usr/include/netdb.h:177:12: note: declared here
  177 | extern int gethostbyname_r (const char *__restrict __name,
      |            ^~~~~~~~~~~~~~~
gmake[1]: *** [CMakeFiles/cmTC_79e3f.dir/build.make:78: CMakeFiles/cmTC_79e3f.dir/CurlTests.c.o] Error 1
gmake[1]: Leaving directory '/home/sandra/Gaze/train/cmake-3.29.2/CMakeFiles/CMakeTmp'
gmake: *** [Makefile:127: cmTC_79e3f/fast] Error 2


Performing Test HAVE_GETHOSTBYNAME_R_5 failed with the following output:
Change Dir: '/home/sandra/Gaze/train/cmake-3.29.2/CMakeFiles/CMakeTmp'

Run Build Command(s): /home/sandra/Gaze/train/cmake-3.29.2/Bootstrap.cmk/cmake -E env VERBOSE=1 /usr/bin/gmake -f Makefile cmTC_fb052/fast
gmake  -f CMakeFiles/cmTC_fb052.dir/build.make CMakeFiles/cmTC_fb052.dir/build
gmake[1]: Entering directory '/home/sandra/Gaze/train/cmake-3.29.2/CMakeFiles/CMakeTmp'
Building C object CMakeFiles/cmTC_fb052.dir/CurlTests.c.o
/usr/bin/gcc   -w -DHAVE_GETHOSTBYNAME_R_5  -DHAVE_SYS_WAIT_H -DHAVE_SYS_IOCTL_H -DHAVE_SYS_PARAM_H -DHAVE_SYS_POLL_H -DHAVE_SYS_RESOURCE_H -DHAVE_SYS_SELECT_H -DHAVE_SYS_SOCKET_H -DHAVE_SYS_STAT_H -DHAVE_SYS_TIME_H -DHAVE_SYS_TYPES_H -DHAVE_SYS_UN_H -DHAVE_SYS_XATTR_H -DHAVE_ARPA_INET_H -DHAVE_FCNTL_H -DHAVE_IFADDRS_H -DHAVE_LIBGEN_H -DHAVE_LOCALE_H -DHAVE_NET_IF_H -DHAVE_NETDB_H -DHAVE_NETINET_IN_H -DHAVE_NETINET_TCP_H -DHAVE_NETINET_UDP_H -DHAVE_POLL_H -DHAVE_PWD_H -DHAVE_STDBOOL_H -DHAVE_STRINGS_H -DHAVE_TERMIO_H -DHAVE_TERMIOS_H -DHAVE_UNISTD_H -DHAVE_UTIME_H -std=gnu11 -o CMakeFiles/cmTC_fb052.dir/CurlTests.c.o -c /home/sandra/Gaze/train/cmake-3.29.2/Utilities/cmcurl/CMake/CurlTests.c
/home/sandra/Gaze/train/cmake-3.29.2/Utilities/cmcurl/CMake/CurlTests.c: In function ‘main’:
/home/sandra/Gaze/train/cmake-3.29.2/Utilities/cmcurl/CMake/CurlTests.c:95:8: error: too few arguments to function ‘gethostbyname_r’
   95 |   rc = gethostbyname_r(address, &h, buffer, 8192, &h_errnop);
      |        ^~~~~~~~~~~~~~~
In file included from /home/sandra/Gaze/train/cmake-3.29.2/Utilities/cmcurl/CMake/CurlTests.c:70:
/usr/include/netdb.h:177:12: note: declared here
  177 | extern int gethostbyname_r (const char *__restrict __name,
      |            ^~~~~~~~~~~~~~~
gmake[1]: *** [CMakeFiles/cmTC_fb052.dir/build.make:78: CMakeFiles/cmTC_fb052.dir/CurlTests.c.o] Error 1
gmake[1]: Leaving directory '/home/sandra/Gaze/train/cmake-3.29.2/CMakeFiles/CMakeTmp'
gmake: *** [Makefile:127: cmTC_fb052/fast] Error 2


Performing Test HAVE_GETHOSTBYNAME_R_3_REENTRANT failed with the following output:
Change Dir: '/home/sandra/Gaze/train/cmake-3.29.2/CMakeFiles/CMakeTmp'

Run Build Command(s): /home/sandra/Gaze/train/cmake-3.29.2/Bootstrap.cmk/cmake -E env VERBOSE=1 /usr/bin/gmake -f Makefile cmTC_bf347/fast
gmake  -f CMakeFiles/cmTC_bf347.dir/build.make CMakeFiles/cmTC_bf347.dir/build
gmake[1]: Entering directory '/home/sandra/Gaze/train/cmake-3.29.2/CMakeFiles/CMakeTmp'
Building C object CMakeFiles/cmTC_bf347.dir/CurlTests.c.o
/usr/bin/gcc   -w -DHAVE_GETHOSTBYNAME_R_3_REENTRANT  -DHAVE_SYS_WAIT_H -DHAVE_SYS_IOCTL_H -DHAVE_SYS_PARAM_H -DHAVE_SYS_POLL_H -DHAVE_SYS_RESOURCE_H -DHAVE_SYS_SELECT_H -DHAVE_SYS_SOCKET_H -DHAVE_SYS_STAT_H -DHAVE_SYS_TIME_H -DHAVE_SYS_TYPES_H -DHAVE_SYS_UN_H -DHAVE_SYS_XATTR_H -DHAVE_ARPA_INET_H -DHAVE_FCNTL_H -DHAVE_IFADDRS_H -DHAVE_LIBGEN_H -DHAVE_LOCALE_H -DHAVE_NET_IF_H -DHAVE_NETDB_H -DHAVE_NETINET_IN_H -DHAVE_NETINET_TCP_H -DHAVE_NETINET_UDP_H -DHAVE_POLL_H -DHAVE_PWD_H -DHAVE_STDBOOL_H -DHAVE_STRINGS_H -DHAVE_TERMIO_H -DHAVE_TERMIOS_H -DHAVE_UNISTD_H -DHAVE_UTIME_H -std=gnu11 -o CMakeFiles/cmTC_bf347.dir/CurlTests.c.o -c /home/sandra/Gaze/train/cmake-3.29.2/Utilities/cmcurl/CMake/CurlTests.c
/home/sandra/Gaze/train/cmake-3.29.2/Utilities/cmcurl/CMake/CurlTests.c: In function ‘main’:
/home/sandra/Gaze/train/cmake-3.29.2/Utilities/cmcurl/CMake/CurlTests.c:80:23: error: storage size of ‘hdata’ isn’t known
   80 |   struct hostent_data hdata;
      |                       ^~~~~
/home/sandra/Gaze/train/cmake-3.29.2/Utilities/cmcurl/CMake/CurlTests.c:92:8: error: too few arguments to function ‘gethostbyname_r’
   92 |   rc = gethostbyname_r(address, &h, &hdata);
      |        ^~~~~~~~~~~~~~~
In file included from /home/sandra/Gaze/train/cmake-3.29.2/Utilities/cmcurl/CMake/CurlTests.c:70:
/usr/include/netdb.h:177:12: note: declared here
  177 | extern int gethostbyname_r (const char *__restrict __name,
      |            ^~~~~~~~~~~~~~~
gmake[1]: *** [CMakeFiles/cmTC_bf347.dir/build.make:78: CMakeFiles/cmTC_bf347.dir/CurlTests.c.o] Error 1
gmake[1]: Leaving directory '/home/sandra/Gaze/train/cmake-3.29.2/CMakeFiles/CMakeTmp'
gmake: *** [Makefile:127: cmTC_bf347/fast] Error 2


Performing Test HAVE_GETHOSTBYNAME_R_5_REENTRANT failed with the following output:
Change Dir: '/home/sandra/Gaze/train/cmake-3.29.2/CMakeFiles/CMakeTmp'

Run Build Command(s): /home/sandra/Gaze/train/cmake-3.29.2/Bootstrap.cmk/cmake -E env VERBOSE=1 /usr/bin/gmake -f Makefile cmTC_2eadc/fast
gmake  -f CMakeFiles/cmTC_2eadc.dir/build.make CMakeFiles/cmTC_2eadc.dir/build
gmake[1]: Entering directory '/home/sandra/Gaze/train/cmake-3.29.2/CMakeFiles/CMakeTmp'
Building C object CMakeFiles/cmTC_2eadc.dir/CurlTests.c.o
/usr/bin/gcc   -w -DHAVE_GETHOSTBYNAME_R_5_REENTRANT  -DHAVE_SYS_WAIT_H -DHAVE_SYS_IOCTL_H -DHAVE_SYS_PARAM_H -DHAVE_SYS_POLL_H -DHAVE_SYS_RESOURCE_H -DHAVE_SYS_SELECT_H -DHAVE_SYS_SOCKET_H -DHAVE_SYS_STAT_H -DHAVE_SYS_TIME_H -DHAVE_SYS_TYPES_H -DHAVE_SYS_UN_H -DHAVE_SYS_XATTR_H -DHAVE_ARPA_INET_H -DHAVE_FCNTL_H -DHAVE_IFADDRS_H -DHAVE_LIBGEN_H -DHAVE_LOCALE_H -DHAVE_NET_IF_H -DHAVE_NETDB_H -DHAVE_NETINET_IN_H -DHAVE_NETINET_TCP_H -DHAVE_NETINET_UDP_H -DHAVE_POLL_H -DHAVE_PWD_H -DHAVE_STDBOOL_H -DHAVE_STRINGS_H -DHAVE_TERMIO_H -DHAVE_TERMIOS_H -DHAVE_UNISTD_H -DHAVE_UTIME_H -std=gnu11 -o CMakeFiles/cmTC_2eadc.dir/CurlTests.c.o -c /home/sandra/Gaze/train/cmake-3.29.2/Utilities/cmcurl/CMake/CurlTests.c
/home/sandra/Gaze/train/cmake-3.29.2/Utilities/cmcurl/CMake/CurlTests.c: In function ‘main’:
/home/sandra/Gaze/train/cmake-3.29.2/Utilities/cmcurl/CMake/CurlTests.c:95:8: error: too few arguments to function ‘gethostbyname_r’
   95 |   rc = gethostbyname_r(address, &h, buffer, 8192, &h_errnop);
      |        ^~~~~~~~~~~~~~~
In file included from /home/sandra/Gaze/train/cmake-3.29.2/Utilities/cmcurl/CMake/CurlTests.c:70:
/usr/include/netdb.h:177:12: note: declared here
  177 | extern int gethostbyname_r (const char *__restrict __name,
      |            ^~~~~~~~~~~~~~~
gmake[1]: *** [CMakeFiles/cmTC_2eadc.dir/build.make:78: CMakeFiles/cmTC_2eadc.dir/CurlTests.c.o] Error 1
gmake[1]: Leaving directory '/home/sandra/Gaze/train/cmake-3.29.2/CMakeFiles/CMakeTmp'
gmake: *** [Makefile:127: cmTC_2eadc/fast] Error 2


Performing Test HAVE_GLIBC_STRERROR_R failed with the following output:
Change Dir: '/home/sandra/Gaze/train/cmake-3.29.2/CMakeFiles/CMakeTmp'

Run Build Command(s): /home/sandra/Gaze/train/cmake-3.29.2/Bootstrap.cmk/cmake -E env VERBOSE=1 /usr/bin/gmake -f Makefile cmTC_31239/fast
gmake  -f CMakeFiles/cmTC_31239.dir/build.make CMakeFiles/cmTC_31239.dir/build
gmake[1]: Entering directory '/home/sandra/Gaze/train/cmake-3.29.2/CMakeFiles/CMakeTmp'
Building C object CMakeFiles/cmTC_31239.dir/CurlTests.c.o
/usr/bin/gcc   -w -DHAVE_GLIBC_STRERROR_R  -DHAVE_SYS_WAIT_H -DHAVE_SYS_IOCTL_H -DHAVE_SYS_PARAM_H -DHAVE_SYS_POLL_H -DHAVE_SYS_RESOURCE_H -DHAVE_SYS_SELECT_H -DHAVE_SYS_SOCKET_H -DHAVE_SYS_STAT_H -DHAVE_SYS_TIME_H -DHAVE_SYS_TYPES_H -DHAVE_SYS_UN_H -DHAVE_SYS_XATTR_H -DHAVE_ARPA_INET_H -DHAVE_FCNTL_H -DHAVE_IFADDRS_H -DHAVE_LIBGEN_H -DHAVE_LOCALE_H -DHAVE_NET_IF_H -DHAVE_NETDB_H -DHAVE_NETINET_IN_H -DHAVE_NETINET_TCP_H -DHAVE_NETINET_UDP_H -DHAVE_POLL_H -DHAVE_PWD_H -DHAVE_STDBOOL_H -DHAVE_STRINGS_H -DHAVE_TERMIO_H -DHAVE_TERMIOS_H -DHAVE_UNISTD_H -DHAVE_UTIME_H -std=gnu11 -o CMakeFiles/cmTC_31239.dir/CurlTests.c.o -c /home/sandra/Gaze/train/cmake-3.29.2/Utilities/cmcurl/CMake/CurlTests.c
/home/sandra/Gaze/train/cmake-3.29.2/Utilities/cmcurl/CMake/CurlTests.c: In function ‘main’:
/home/sandra/Gaze/train/cmake-3.29.2/Utilities/cmcurl/CMake/CurlTests.c:331:51: error: subscripted value is neither array nor pointer nor vector
  331 |   check(strerror_r(EACCES, buffer, sizeof(buffer))[0]);
      |                                                   ^
gmake[1]: *** [CMakeFiles/cmTC_31239.dir/build.make:78: CMakeFiles/cmTC_31239.dir/CurlTests.c.o] Error 1
gmake[1]: Leaving directory '/home/sandra/Gaze/train/cmake-3.29.2/CMakeFiles/CMakeTmp'
gmake: *** [Makefile:127: cmTC_31239/fast] Error 2


Performing Test HAVE_BUILTIN_AVAILABLE failed with the following output:
Change Dir: '/home/sandra/Gaze/train/cmake-3.29.2/CMakeFiles/CMakeTmp'

Run Build Command(s): /home/sandra/Gaze/train/cmake-3.29.2/Bootstrap.cmk/cmake -E env VERBOSE=1 /usr/bin/gmake -f Makefile cmTC_39fec/fast
gmake  -f CMakeFiles/cmTC_39fec.dir/build.make CMakeFiles/cmTC_39fec.dir/build
gmake[1]: Entering directory '/home/sandra/Gaze/train/cmake-3.29.2/CMakeFiles/CMakeTmp'
Building C object CMakeFiles/cmTC_39fec.dir/CurlTests.c.o
/usr/bin/gcc   -w -DHAVE_BUILTIN_AVAILABLE  -DHAVE_SYS_WAIT_H -DHAVE_SYS_IOCTL_H -DHAVE_SYS_PARAM_H -DHAVE_SYS_POLL_H -DHAVE_SYS_RESOURCE_H -DHAVE_SYS_SELECT_H -DHAVE_SYS_SOCKET_H -DHAVE_SYS_STAT_H -DHAVE_SYS_TIME_H -DHAVE_SYS_TYPES_H -DHAVE_SYS_UN_H -DHAVE_SYS_XATTR_H -DHAVE_ARPA_INET_H -DHAVE_FCNTL_H -DHAVE_IFADDRS_H -DHAVE_LIBGEN_H -DHAVE_LOCALE_H -DHAVE_NET_IF_H -DHAVE_NETDB_H -DHAVE_NETINET_IN_H -DHAVE_NETINET_TCP_H -DHAVE_NETINET_UDP_H -DHAVE_POLL_H -DHAVE_PWD_H -DHAVE_STDBOOL_H -DHAVE_STRINGS_H -DHAVE_TERMIO_H -DHAVE_TERMIOS_H -DHAVE_UNISTD_H -DHAVE_UTIME_H -std=gnu11 -o CMakeFiles/cmTC_39fec.dir/CurlTests.c.o -c /home/sandra/Gaze/train/cmake-3.29.2/Utilities/cmcurl/CMake/CurlTests.c
/home/sandra/Gaze/train/cmake-3.29.2/Utilities/cmcurl/CMake/CurlTests.c: In function ‘main’:
/home/sandra/Gaze/train/cmake-3.29.2/Utilities/cmcurl/CMake/CurlTests.c:383:26: error: ‘macOS’ undeclared (first use in this function)
  383 |   if(__builtin_available(macOS 10.12, *)) {}
      |                          ^~~~~
/home/sandra/Gaze/train/cmake-3.29.2/Utilities/cmcurl/CMake/CurlTests.c:383:26: note: each undeclared identifier is reported only once for each function it appears in
/home/sandra/Gaze/train/cmake-3.29.2/Utilities/cmcurl/CMake/CurlTests.c:383:31: error: expected ‘)’ before numeric constant
  383 |   if(__builtin_available(macOS 10.12, *)) {}
      |                         ~     ^~~~~~
      |                               )
gmake[1]: *** [CMakeFiles/cmTC_39fec.dir/build.make:78: CMakeFiles/cmTC_39fec.dir/CurlTests.c.o] Error 1
gmake[1]: Leaving directory '/home/sandra/Gaze/train/cmake-3.29.2/CMakeFiles/CMakeTmp'
gmake: *** [Makefile:127: cmTC_39fec/fast] Error 2


Checking for curses support failed with the following output:
Change Dir: '/home/sandra/Gaze/train/cmake-3.29.2/Source/Checks/Curses-build'

Run Build Command(s): /home/sandra/Gaze/train/cmake-3.29.2/Bootstrap.cmk/cmake -E env VERBOSE=1 /usr/bin/gmake -f Makefile CheckCurses
gmake: *** No rule to make target 'CheckCurses'.  Stop.



Looking for a Fortran compiler failed with the following output:
-- The Fortran compiler identification is unknown
CMake Error at CMakeLists.txt:2 (project):
  No CMAKE_Fortran_COMPILER could be found.

  Tell CMake where to find the compiler by setting either the environment
  variable "FC" or the CMake cache entry CMAKE_Fortran_COMPILER to the full
  path to the compiler, or to the compiler name if it is in the PATH.


-- Configuring incomplete, errors occurred!

